<?xml version="1.0" encoding="utf-8"?><testsuites name="pytest tests"><testsuite name="pytest" errors="0" failures="0" skipped="0" tests="62" time="9.130" timestamp="2026-09-12T09:30:15.226439+00:00" hostname="agent-env-487ffa7b-f025-45ca-aafd-f18fc0843bfe"><testcase classname="tests.backend_test.TestAdmin" name="test_stats" time="0.666" /><testcase classname="tests.test_video_and_catalog_scopes.TestAboutVideoSettings" name="test_get_public_and_no_object_id" time="0.659" /><testcase classname="tests.test_video_and_catalog_scopes.TestAboutVideoSettings" name="test_put_rejects_unauthenticated" time="0.060" /><testcase classname="tests.backend_test.TestAdmin" name="test_orders" time="0.061" /><testcase classname="tests.backend_test.TestAdmin" name="test_users" time="0.279" /><testcase classname="tests.test_video_and_catalog_scopes.TestAboutVideoSettings" name="test_put_rejects_non_admin" time="0.798" /><testcase classname="tests.backend_test.TestAdmin" name="test_admin_requires_admin" time="0.570" /><testcase classname="tests.test_video_and_catalog_scopes.TestAboutVideoSettings" name="test_put_accepts_mp4_and_persists" time="0.151" /><testcase classname="tests.backend_test.TestAdmin" name="test_admin_no_auth" time="0.158" /><testcase classname="tests.test_video_and_catalog_scopes.TestAboutVideoSettings" name="test_put_youtube_canonical_idempotent" time="0.122" /><testcase classname="tests.backend_test.TestAdmin" name="test_admin_orders_forbidden_for_customer" time="0.196" /><testcase classname="tests.test_video_and_catalog_scopes.TestAboutVideoSettings" name="test_put_rejects_invalid_urls[javascript:alert(1)]" time="0.059" /><testcase classname="tests.test_video_and_catalog_scopes.TestAboutVideoSettings" name="test_put_rejects_invalid_urls[http://example.com/video.mp4]" time="0.067" /><testcase classname="tests.test_video_and_catalog_scopes.TestAboutVideoSettings" name="test_put_rejects_invalid_urls[https://127.0.0.1/video.mp4]" time="0.068" /><testcase classname="tests.backend_test.TestAdmin" name="test_admin_invalid_token" time="0.065" /><testcase classname="tests.test_video_and_catalog_scopes.TestAboutVideoSettings" name="test_put_rejects_invalid_urls[https://user:pass@example.com/video.mp4]" time="0.060" /><testcase classname="tests.backend_test.TestAdmin" name="test_admin_users_no_password_hash_leak" time="0.062" /><testcase classname="tests.test_video_and_catalog_scopes.TestAboutVideoSettings" name="test_put_rejects_invalid_urls[https://example.com:444/video.mp4]" time="0.065" /><testcase classname="tests.backend_test.TestAdmin" name="test_admin_patch_product_price_and_revert" time="0.311" /><testcase classname="tests.test_video_and_catalog_scopes.TestAboutVideoSettings" name="test_put_rejects_invalid_urls[https://youtube.com/watch?v=bad]" time="0.060" /><testcase classname="tests.test_video_and_catalog_scopes.TestAboutVideoSettings" name="test_put_rejects_invalid_urls[https://example.com/no-video-page]" time="0.060" /><testcase classname="tests.test_video_and_catalog_scopes.TestAboutVideoSettings" name="test_put_rejects_invalid_urls[https://localhost/video.mp4]" time="0.060" /><testcase classname="tests.test_video_and_catalog_scopes.TestAboutVideoSettings" name="test_delete_requires_admin" time="0.116" /><testcase classname="tests.backend_test.TestAdmin" name="test_admin_patch_invalid_id" time="0.119" /><testcase classname="tests.backend_test.TestCheckout" name="test_create_checkout_session" time="1.194" /><testcase classname="tests.backend_test.TestProducts" name="test_list_products" time="0.833" /><testcase classname="tests.backend_test.TestProducts" name="test_verticals" time="0.058" /><testcase classname="tests.backend_test.TestProducts" name="test_get_product_by_slug" time="0.224" /><testcase classname="tests.backend_test.TestProducts" name="test_filter_by_vertical" time="0.202" /><testcase classname="tests.backend_test.TestCheckout" name="test_checkout_empty" time="0.062" /><testcase classname="tests.backend_test.TestCheckout" name="test_checkout_bad_product" time="0.060" /><testcase classname="tests.backend_test.TestCheckout" name="test_status_not_found" time="0.061" /><testcase classname="tests.backend_test.TestCheckout" name="test_server_computes_amount_ignores_client_price" time="0.746" /><testcase classname="tests.backend_test.TestProducts" name="test_get_nonexistent" time="0.439" /><testcase classname="tests.backend_test.TestProducts" name="test_filter_by_category" time="0.292" /><testcase classname="tests.backend_test.TestCheckout" name="test_invalid_quantity_rejected" time="0.063" /><testcase classname="tests.backend_test.TestProducts" name="test_search_query" time="0.061" /><testcase classname="tests.backend_test.TestProducts" name="test_no_mongo_object_id_leak" time="0.063" /><testcase classname="tests.backend_test.TestProducts" name="test_limit_param" time="0.235" /><testcase classname="tests.backend_test.TestCheckout" name="test_authenticated_checkout_creates_order_for_user" time="1.006" /><testcase classname="tests.test_video_and_catalog_scopes.TestCatalogHouseScopes" name="test_vertical_counts[masalas-6]" time="0.761" /><testcase classname="tests.backend_test.TestCheckout" name="test_order_not_visible_to_other_user" time="0.946" /><testcase classname="tests.test_video_and_catalog_scopes.TestCatalogHouseScopes" name="test_vertical_counts[home-furnishing-6]" time="0.415" /><testcase classname="tests.test_video_and_catalog_scopes.TestCatalogHouseScopes" name="test_vertical_counts[artificial-jewelry-5]" time="0.059" /><testcase classname="tests.test_video_and_catalog_scopes.TestCatalogHouseScopes" name="test_vertical_counts[christmas-decor-4]" time="0.061" /><testcase classname="tests.test_video_and_catalog_scopes.TestCatalogHouseScopes" name="test_cross_house_category_has_no_leaks" time="0.227" /><testcase classname="tests.test_video_and_catalog_scopes.TestCatalogHouseScopes" name="test_global_products_total" time="0.129" /><testcase classname="tests.backend_test.TestCheckout" name="test_order_detail_requires_auth" time="0.139" /><testcase classname="tests.backend_test.TestOrders" name="test_mine_requires_auth" time="0.198" /><testcase classname="tests.backend_test.TestAuth" name="test_admin_login" time="0.335" /><testcase classname="tests.backend_test.TestOrders" name="test_mine_empty" time="0.272" /><testcase classname="tests.backend_test.TestAuth" name="test_login_wrong_password" time="0.335" /><testcase classname="tests.backend_test.TestWishlist" name="test_wishlist_crud" time="0.702" /><testcase classname="tests.backend_test.TestAuth" name="test_register_and_me" time="0.363" /><testcase classname="tests.backend_test.TestAuth" name="test_register_duplicate" time="0.347" /><testcase classname="tests.backend_test.TestWishlist" name="test_wishlist_requires_auth" time="0.284" /><testcase classname="tests.backend_test.TestJournal" name="test_list_journal" time="0.060" /><testcase classname="tests.backend_test.TestAuth" name="test_me_no_token" time="0.111" /><testcase classname="tests.backend_test.TestJournal" name="test_get_journal_post" time="0.056" /><testcase classname="tests.backend_test.TestStaticImages" name="test_static_image_serves" time="0.309" /><testcase classname="tests.backend_test.TestHealth" name="test_health" time="0.065" /><testcase classname="tests.backend_test.TestWholesale" name="test_submit_enquiry" time="0.074" /></testsuite></testsuites>