<?xml version="1.0" encoding="utf-8"?><testsuites name="pytest tests"><testsuite name="pytest" errors="0" failures="0" skipped="4" tests="79" time="7.258" timestamp="2026-09-12T10:47:58.620878+00:00" hostname="agent-env-487ffa7b-f025-45ca-aafd-f18fc0843bfe"><testcase classname="tests.backend_test.TestAdmin" name="test_stats" time="0.665" /><testcase classname="tests.backend_test.TestAdmin" name="test_orders" time="0.063" /><testcase classname="tests.test_video_and_catalog_scopes.TestAboutVideoSettings" name="test_get_public_and_no_object_id" time="0.787" /><testcase classname="tests.backend_test.TestAdmin" name="test_users" time="0.060" /><testcase classname="tests.test_video_and_catalog_scopes.TestAboutVideoSettings" name="test_put_rejects_unauthenticated" time="0.058" /><testcase classname="tests.backend_test.TestAdmin" name="test_admin_requires_admin" time="0.573" /><testcase classname="tests.test_video_and_catalog_scopes.TestAboutVideoSettings" name="test_put_rejects_non_admin" time="0.579" /><testcase classname="tests.backend_test.TestAdmin" name="test_admin_no_auth" time="0.118" /><testcase classname="tests.test_video_and_catalog_scopes.TestAboutVideoSettings" name="test_put_accepts_mp4_and_persists" time="0.118" /><testcase classname="tests.backend_test.TestAdmin" name="test_admin_orders_forbidden_for_customer" time="0.122" /><testcase classname="tests.test_video_and_catalog_scopes.TestAboutVideoSettings" name="test_put_youtube_canonical_idempotent" time="0.169" /><testcase classname="tests.backend_test.TestAdmin" name="test_admin_invalid_token" time="0.099" /><testcase classname="tests.backend_test.TestAdmin" name="test_admin_users_no_password_hash_leak" time="0.067" /><testcase classname="tests.test_video_and_catalog_scopes.TestAboutVideoSettings" name="test_put_rejects_invalid_urls[javascript:alert(1)]" time="0.108" /><testcase classname="tests.backend_test.TestAdmin" name="test_admin_patch_product_price_and_revert" time="0.318" /><testcase classname="tests.test_video_and_catalog_scopes.TestAboutVideoSettings" name="test_put_rejects_invalid_urls[http://example.com/video.mp4]" time="0.060" /><testcase classname="tests.test_video_and_catalog_scopes.TestAboutVideoSettings" name="test_put_rejects_invalid_urls[https://127.0.0.1/video.mp4]" time="0.065" /><testcase classname="tests.test_video_and_catalog_scopes.TestAboutVideoSettings" name="test_put_rejects_invalid_urls[https://user:pass@example.com/video.mp4]" time="0.067" /><testcase classname="tests.test_video_and_catalog_scopes.TestAboutVideoSettings" name="test_put_rejects_invalid_urls[https://example.com:444/video.mp4]" time="0.065" /><testcase classname="tests.test_video_and_catalog_scopes.TestAboutVideoSettings" name="test_put_rejects_invalid_urls[https://youtube.com/watch?v=bad]" time="0.066" /><testcase classname="tests.backend_test.TestAdmin" name="test_admin_patch_invalid_id" time="0.136" /><testcase classname="tests.test_video_and_catalog_scopes.TestAboutVideoSettings" name="test_put_rejects_invalid_urls[https://example.com/no-video-page]" time="0.060" /><testcase classname="tests.test_video_and_catalog_scopes.TestAboutVideoSettings" name="test_put_rejects_invalid_urls[https://localhost/video.mp4]" time="0.065" /><testcase classname="tests.backend_test.TestProducts" name="test_list_products" time="0.069" /><testcase classname="tests.test_video_and_catalog_scopes.TestAboutVideoSettings" name="test_delete_requires_admin" time="0.129" /><testcase classname="tests.backend_test.TestProducts" name="test_verticals" time="0.103" /><testcase classname="tests.backend_test.TestProducts" name="test_get_product_by_slug" time="0.064" /><testcase classname="tests.backend_test.TestProducts" name="test_filter_by_vertical" time="0.183" /><testcase classname="tests.backend_test.TestCheckout" name="test_create_checkout_session" time="0.113"><skipped type="pytest.skip" message="Stripe checkout not configured in this environment">/app/backend/tests/backend_test.py:196: Stripe checkout not configured in this environment</skipped></testcase><testcase classname="tests.backend_test.TestCheckout" name="test_checkout_empty" time="0.117" /><testcase classname="tests.backend_test.TestCheckout" name="test_checkout_bad_product" time="0.060" /><testcase classname="tests.backend_test.TestProducts" name="test_get_nonexistent" time="0.058" /><testcase classname="tests.backend_test.TestCheckout" name="test_status_not_found" time="0.066" /><testcase classname="tests.backend_test.TestProducts" name="test_filter_by_category" time="0.063" /><testcase classname="tests.backend_test.TestCheckout" name="test_server_computes_amount_ignores_client_price" time="0.000"><skipped type="pytest.skip" message="Stripe checkout not configured in this environment">/app/backend/tests/backend_test.py:231: Stripe checkout not configured in this environment</skipped></testcase><testcase classname="tests.backend_test.TestCheckout" name="test_invalid_quantity_rejected" time="0.062" /><testcase classname="tests.backend_test.TestProducts" name="test_search_query" time="0.065" /><testcase classname="tests.backend_test.TestProducts" name="test_no_mongo_object_id_leak" time="0.284" /><testcase classname="tests.backend_test.TestCheckout" name="test_authenticated_checkout_creates_order_for_user" time="0.291"><skipped type="pytest.skip" message="Stripe checkout not configured in this environment">/app/backend/tests/backend_test.py:254: Stripe checkout not configured in this environment</skipped></testcase><testcase classname="tests.backend_test.TestCheckout" name="test_order_not_visible_to_other_user" time="0.000"><skipped type="pytest.skip" message="Stripe checkout not configured in this environment">/app/backend/tests/backend_test.py:288: Stripe checkout not configured in this environment</skipped></testcase><testcase classname="tests.backend_test.TestCheckout" name="test_order_detail_requires_auth" time="0.120" /><testcase classname="tests.backend_test.TestProducts" name="test_limit_param" time="0.062" /><testcase classname="tests.test_payments_mocked.TestMockedWebhookSignaturesAndState" name="test_valid_paid_event_marks_order_paid_and_replay_is_idempotent" time="0.008" /><testcase classname="tests.test_payments_mocked.TestMockedWebhookSignaturesAndState" name="test_completed_unpaid_never_marks_paid_and_expired_sets_cancelled" time="0.005" /><testcase classname="tests.test_payments_mocked.TestMockedWebhookSignaturesAndState" name="test_late_failure_cannot_downgrade_already_paid" time="0.003" /><testcase classname="tests.test_payments_mocked.TestMockedWebhookSignaturesAndState" name="test_invalid_tampered_and_stale_signatures_return_400" time="0.017" /><testcase classname="tests.test_payments_mocked.TestMockedWebhookSignaturesAndState" name="test_mismatched_amount_currency_reference_400_no_mutation" time="0.003" /><testcase classname="tests.test_payments_mocked.TestMockedWebhookSignaturesAndState" name="test_absent_order_with_app_metadata_returns_503_retryable" time="0.003" /><testcase classname="tests.test_payments_mocked.TestMockedWebhookSignaturesAndState" name="test_unrelated_event_type_is_ignored" time="0.003" /><testcase classname="tests.backend_test.TestAuth" name="test_admin_login" time="0.286" /><testcase classname="tests.backend_test.TestAuth" name="test_login_wrong_password" time="0.302" /><testcase classname="tests.test_video_and_catalog_scopes.TestCatalogHouseScopes" name="test_vertical_counts[masalas-6]" time="0.336" /><testcase classname="tests.test_video_and_catalog_scopes.TestCatalogHouseScopes" name="test_vertical_counts[home-furnishing-6]" time="0.244" /><testcase classname="tests.backend_test.TestAuth" name="test_register_and_me" time="0.356" /><testcase classname="tests.test_video_and_catalog_scopes.TestCatalogHouseScopes" name="test_vertical_counts[artificial-jewelry-5]" time="0.284" /><testcase classname="tests.test_video_and_catalog_scopes.TestCatalogHouseScopes" name="test_vertical_counts[christmas-decor-4]" time="0.065" /><testcase classname="tests.test_video_and_catalog_scopes.TestCatalogHouseScopes" name="test_cross_house_category_has_no_leaks" time="0.062" /><testcase classname="tests.backend_test.TestAuth" name="test_register_duplicate" time="0.352" /><testcase classname="tests.test_video_and_catalog_scopes.TestCatalogHouseScopes" name="test_global_products_total" time="0.298" /><testcase classname="tests.backend_test.TestAuth" name="test_me_no_token" time="0.110" /><testcase classname="tests.test_migration_stripe_regression.TestStorefrontAndCheckoutBlocker" name="test_catalog_and_health_basics" time="0.177" /><testcase classname="tests.backend_test.TestOrders" name="test_mine_requires_auth" time="0.142" /><testcase classname="tests.test_migration_stripe_regression.TestStorefrontAndCheckoutBlocker" name="test_certification_pdfs_are_served_as_real_pdf_bytes" time="0.150" /><testcase classname="tests.backend_test.TestOrders" name="test_mine_empty" time="0.065" /><testcase classname="tests.backend_test.TestWishlist" name="test_wishlist_crud" time="0.575" /><testcase classname="tests.test_migration_stripe_regression.TestStorefrontAndCheckoutBlocker" name="test_checkout_returns_503_without_valid_stripe_config_and_no_false_success" time="0.506" /><testcase classname="tests.test_migration_stripe_regression.TestStorefrontAndCheckoutBlocker" name="test_status_unknown_session_404" time="0.102" /><testcase classname="tests.backend_test.TestWishlist" name="test_wishlist_requires_auth" time="0.159" /><testcase classname="tests.test_migration_stripe_regression.TestDependencyAndRouteRemoval" name="test_no_emergent_runtime_dependencies_in_manifests" time="0.001" /><testcase classname="tests.test_migration_stripe_regression.TestDependencyAndRouteRemoval" name="test_removed_generation_routes_return_404" time="0.182" /><testcase classname="tests.backend_test.TestJournal" name="test_list_journal" time="0.060" /><testcase classname="tests.backend_test.TestJournal" name="test_get_journal_post" time="0.061" /><testcase classname="tests.test_payments_mocked.TestMockedCheckoutAndStatus" name="test_create_checkout_uses_server_pricing_and_public_origin" time="0.070" /><testcase classname="tests.test_payments_mocked.TestPaymentGatewayValidation" name="test_stripe_api_key_validation" time="0.000" /><testcase classname="tests.test_payments_mocked.TestPaymentGatewayValidation" name="test_webhook_secret_and_public_origin_validation" time="0.000" /><testcase classname="tests.backend_test.TestStaticImages" name="test_static_image_serves" time="0.287" /><testcase classname="tests.test_payments_mocked.TestMockedCheckoutAndStatus" name="test_status_retrieval_keeps_local_pending_until_signed_webhook" time="0.003" /><testcase classname="tests.backend_test.TestHealth" name="test_health" time="0.100" /><testcase classname="tests.backend_test.TestWholesale" name="test_submit_enquiry" time="0.068" /></testsuite></testsuites>